<?xml version="1.0" encoding="UTF-8"?>
<!-- Generated by org.testng.reporters.JUnitXMLReporter -->
<testsuite ignored="0" hostname="Nithin" failures="0" tests="3" name="Default test" time="7.413" errors="0" timestamp="2022-09-08T10:56:53 IST">
  <testcase classname="UsingFramework.endToEndCreateDeleteAndVerifyPro" name="createProUsingAPI" time="2.058"/>
  <testcase classname="UsingFramework.endToEndCreateDeleteAndVerifyPro" name="verifyProInDataBaseUsingJdbc" time="0.32"/>
  <testcase classname="UsingFramework.endToEndCreateDeleteAndVerifyPro" name="verifyProInGuiUsingSelenium" time="4.985"/>
</testsuite> <!-- Default test -->
