<?xml version="1.0" encoding="UTF-8"?>
<testng-results ignored="0" total="3" passed="3" failed="0" skipped="0">
  <reporter-output>
  </reporter-output>
  <suite started-at="2022-09-08T10:56:46 IST" name="Default suite" finished-at="2022-09-08T10:56:53 IST" duration-ms="7413">
    <groups>
    </groups>
    <test started-at="2022-09-08T10:56:46 IST" name="Default test" finished-at="2022-09-08T10:56:53 IST" duration-ms="7413">
      <class name="UsingFramework.endToEndCreateDeleteAndVerifyPro">
        <test-method signature="createProUsingAPI()[pri:1, instance:UsingFramework.endToEndCreateDeleteAndVerifyPro@27f981c6]" started-at="2022-09-08T10:56:46 IST" name="createProUsingAPI" finished-at="2022-09-08T10:56:48 IST" duration-ms="2058" status="PASS">
          <reporter-output>
          </reporter-output>
        </test-method> <!-- createProUsingAPI -->
        <test-method signature="verifyProInDataBaseUsingJdbc()[pri:2, instance:UsingFramework.endToEndCreateDeleteAndVerifyPro@27f981c6]" started-at="2022-09-08T10:56:48 IST" name="verifyProInDataBaseUsingJdbc" finished-at="2022-09-08T10:56:48 IST" duration-ms="320" status="PASS">
          <reporter-output>
          </reporter-output>
        </test-method> <!-- verifyProInDataBaseUsingJdbc -->
        <test-method signature="verifyProInGuiUsingSelenium()[pri:3, instance:UsingFramework.endToEndCreateDeleteAndVerifyPro@27f981c6]" started-at="2022-09-08T10:56:48 IST" name="verifyProInGuiUsingSelenium" finished-at="2022-09-08T10:56:53 IST" duration-ms="4985" status="PASS">
          <reporter-output>
          </reporter-output>
        </test-method> <!-- verifyProInGuiUsingSelenium -->
      </class> <!-- UsingFramework.endToEndCreateDeleteAndVerifyPro -->
    </test> <!-- Default test -->
  </suite> <!-- Default suite -->
</testng-results>
